0:100  0:100  MemLog inited, TSC freq: 3410012550
0:100  0:000  CPU was calibrated with ACPI PM Timer
0:100  0:000  
0:100  0:000  Now is 1.6.2019,  8:43:5 (GMT)
0:100  0:000  Starting Clover revision: 4701.RM-4963.24249(ca6cca7c.a0344119e7)  on American Megatrends EFI
0:100  0:000  Build with: [Args: -mc --no-usb -D NO_GRUB_DRIVERS_EMBEDDED -t XCODE8 | -D DISABLE_USB_SUPPORT -D NO_GRUB_DRIVERS_EMBEDDED --conf=/Users/rehabman/Projects/clover.git/src/edk2/Conf -D USE_BIOS_BLOCKIO -D USE_LOW_EBDA -a X64 -b RELEASE -t XCODE8 -n 9 | OS: 10.14 | XCODE: 9.4.1]
0:100  0:000  SelfDevicePath=PciRoot(0x0)\Pci(0x1F,0x2)\Sata(0x0,0xFFFF,0x0)\HD(1,GPT,1839510C-15AC-4B84-81B6-2C6993F8CC35,0x28,0x64000) @D1857D18
0:100  0:000  SelfDirPath = \EFI\CLOVER
0:100  0:000  === [ Get Smbios ] ========================================
0:100  0:000  Type 16 Index = 0
0:100  0:000  Total Memory Slots Count = 4
0:100  0:000  Type 17 Index = 0
0:100  0:000  Table has error information, checking
0:100  0:000  Found memory information in table 18/1, type=0x3, operation=0x2 syndrome=0x0
0:100  0:000  ...memory OK
0:100  0:000  SmbiosTable.Type17->Speed = 1600MHz
0:100  0:000  SmbiosTable.Type17->Size = 4096MB
0:100  0:000  SmbiosTable.Type17->Bank/Device = BANK 0 ChannelA-DIMM0
0:100  0:000  SmbiosTable.Type17->Vendor = Samsung
0:100  0:000  SmbiosTable.Type17->SerialNumber = 131B2368
0:100  0:000  SmbiosTable.Type17->PartNumber = M391B5173QH0-YK0  
0:100  0:000  Type 17 Index = 1
0:100  0:000  SmbiosTable.Type17->Speed = 1600MHz
0:100  0:000  SmbiosTable.Type17->Size = 4096MB
0:100  0:000  SmbiosTable.Type17->Bank/Device = BANK 1 ChannelA-DIMM1
0:100  0:000  SmbiosTable.Type17->Vendor = Samsung
0:100  0:000  SmbiosTable.Type17->SerialNumber = 131B2384
0:100  0:000  SmbiosTable.Type17->PartNumber = M391B5173QH0-YK0  
0:100  0:000  Type 17 Index = 2
0:100  0:000  Table has error information, checking
0:100  0:000  Found memory information in table 18/2, type=0x3, operation=0x2 syndrome=0x0
0:100  0:000  ...memory OK
0:100  0:000  SmbiosTable.Type17->Speed = 1600MHz
0:100  0:000  SmbiosTable.Type17->Size = 4096MB
0:100  0:000  SmbiosTable.Type17->Bank/Device = BANK 2 ChannelB-DIMM0
0:100  0:000  SmbiosTable.Type17->Vendor = Samsung
0:100  0:000  SmbiosTable.Type17->SerialNumber = 131B2367
0:100  0:000  SmbiosTable.Type17->PartNumber = M391B5173QH0-YK0  
0:100  0:000  Type 17 Index = 3
0:100  0:000  SmbiosTable.Type17->Speed = 1600MHz
0:100  0:000  SmbiosTable.Type17->Size = 4096MB
0:100  0:000  SmbiosTable.Type17->Bank/Device = BANK 3 ChannelB-DIMM1
0:100  0:000  SmbiosTable.Type17->Vendor = Samsung
0:100  0:000  SmbiosTable.Type17->SerialNumber = 131B2369
0:100  0:000  SmbiosTable.Type17->PartNumber = M391B5173QH0-YK0  
0:100  0:000  Boot status=0
0:100  0:000  Running on: 'System Product Name' with board 'P8Z77-V LX'
0:100  0:000  === [ GetCPUProperties ] ==================================
0:100  0:000  CPU Vendor = 756E6547 Model=306A9
0:100  0:000   The CPU supported SSE4.1
0:100  0:000  BrandString = Intel(R) Core(TM) i7-3770 CPU @ 3.40GHz
0:100  0:000   The CPU supported turbo
0:100  0:000  MSR 0x35               40008
0:100  0:000  MSR 0xE2 before patch 1E008403
0:100  0:000  MSR 0xE2 is locked, PM patches will be turned on
0:100  0:000  MSR 0xCE              00081010_F0012200
0:100  0:000  corrected FLEX_RATIO = 80000
0:100  0:000  MSR 0x1B0             00000000
0:100  0:000  FSBFrequency = 100 MHz, DMI FSBFrequency = 100 MHz, Corrected FSBFrequency = 100 MHz
0:100  0:000  MaxDiv/MinDiv: 34.0/16
0:100  0:000  Turbo: 37/38/39/39
0:100  0:000  Features: 0xBFEBFBFF
0:100  0:000  Threads: 8
0:100  0:000  Cores: 4
0:100  0:000  FSB: 100 MHz
0:100  0:000  CPU: 3400 MHz
0:100  0:000  TSC: 3400 MHz
0:100  0:000  PIS: 100 MHz
0:100  0:000  ExternalClock: 25 MHz
0:100  0:000  === [ GetDevices ] ========================================
0:100  0:000  PCI (00|00:00.00) : 8086 0150 class=060000
0:100  0:000  PCI (00|00:01.00) : 8086 0151 class=060400
0:100  0:000  PCI (00|01:00.00) : 10DE 1B80 class=030000
0:100  0:000   - GFX: Model=HP GeForce GTX 1080 family 134 (Nvidia)
0:100  0:000  PCI (00|01:00.01) : 10DE 10F0 class=040300
0:100  0:000   - HDMI Audio: 
0:100  0:000  PCI (00|00:14.00) : 8086 1E31 class=0C0330
0:100  0:000  PCI (00|00:16.00) : 8086 1E3A class=078000
0:100  0:000  PCI (00|00:16.01) : FFFF FFFF class=FFFFFF
0:100  0:000  PCI (00|00:1A.00) : 8086 1E2D class=0C0320
0:100  0:000  PCI (00|00:1B.00) : 8086 1E20 class=040300
0:100  0:000  PCI (00|00:1C.00) : 8086 1E10 class=060400
0:100  0:000  PCI (00|02:00.00) : 8086 08B1 class=028000
0:100  0:000   - WIFI: Vendor=Intel
0:100  0:000  PCI (00|00:1C.04) : 8086 1E18 class=060400
0:100  0:000  PCI (00|03:00.00) : 10EC 8168 class=020000
0:100  0:000   - LAN: 0 Vendor=Realtek
0:100  0:000  PCI (00|00:1C.05) : 8086 244E class=060401
0:100  0:000  PCI (00|04:00.00) : 1B21 1080 class=060401
0:100  0:000  PCI (00|00:1D.00) : 8086 1E26 class=0C0320
0:100  0:000  PCI (00|00:1F.00) : 8086 1E44 class=060100
0:100  0:000  PCI (00|00:1F.02) : 8086 1E02 class=010601
0:100  0:000  PCI (00|00:1F.03) : 8086 1E22 class=0C0500
0:100  0:000  PCI (00|00:1F.06) : FFFF FFFF class=FFFFFF
0:100  0:000  === [ GetDefaultSettings ] ================================
0:100  0:000  Clover load options size = 40 bytes
0:100  0:000  Clover started with option to boot bootmgfw.efi from EFI
0:103  0:002  EFI\CLOVER\config.plist loaded: Success
0:103  0:000  === [ GetListOfThemes ] ===================================
0:105  0:002  - [00]: Olarila
0:110  0:005  - [01]: RANDOM
0:111  0:001  - [01]: EMBEDDED
0:112  0:001  === [ Found config plists ] ===============================
0:112  0:000  - config.plist
0:112  0:000  === [ GetEarlyUserSettings ] ==============================
0:112  0:000  timeout set to 5
0:112  0:000  Custom boot CUSTOM_BOOT_DISABLED (0x0)
0:112  0:000  KextsToPatch: 6 requested
0:112  0:000   - [00]: com.apple.driver.AppleAHCIPort (External icons patch) :: MatchOS: 10.11.x,10.12.x,10.13.x,10.14.x :: BinPatch :: data len: 8
0:112  0:000   - [01]: com.apple.driver.AppleMikeyDriver (Patch Assertions) :: MatchOS: 10.11.x,10.12.x,10.13.x,10.14.x :: BinPatch :: data len: 16
0:112  0:000   - [02]: com.apple.driver.usb.AppleUSBXHCIPCI (Change 15 port limit) :: MatchOS: 10.12.x :: BinPatch :: data len: 7
0:112  0:000   - [03]: com.apple.driver.usb.AppleUSBXHCIPCI (Change 15 port limit) :: MatchOS: 10.11.x :: BinPatch :: data len: 7
0:112  0:000   - [04]: com.apple.driver.AppleGraphicsDevicePolicy (Prevent AGDP from loading) :: MatchOS: 10.11.x,10.12.x,10.13.x,10.14.x :: BinPatch :: data len: 5
0:112  0:000   - [05]: com.apple.driver.usb.AppleUSBXHCI (USB 10.13.6 by PMHeart) :: MatchOS: 10.13.6 :: BinPatch :: data len: 10
0:112  0:000  Default theme: Olarila
0:112  0:000  Hiding entries with string \EFI\BOOT\BOOTX64.efi
0:112  0:000  Hiding entries with string RECOVERY
0:112  0:000  Hiding entries with string PREBOOT
0:112  0:000  Hiding entries with string LEGACY HD1
0:112  0:000  Hiding entries with string LEGACY HD4
0:112  0:000  Custom entry boot CUSTOM_BOOT_ALT_APPLE (0x0)
0:112  0:000  === [ LoadDrivers ] =======================================
0:114  0:002  Loading HFSPlus-64.efi  status=Success
0:115  0:001   - driver needs connecting
0:115  0:000  Loading ApfsDriverLoader-64.efi  status=Success
0:117  0:001   - driver needs connecting
0:117  0:000  Loading AppleImageLoader-64.efi  status=Success
0:118  0:000  Loading PartitionDxe-64.efi  status=Success
0:118  0:000   - driver needs connecting
0:118  0:000  Loading DataHubDxe-64.efi  status=Success
0:149  0:030  Loading FSInject-64.efi  status=Success
0:149  0:000  Loading SMCHelper-64.efi  status=Success
0:150  0:000  Loading AptioMemoryFix-64.efi  status=Success
0:150  0:000  Loading EmuVariableUefi.efi  status=Success
0:152  0:001  EmuVariableUefi Initialize: VariableCommonInitialize = Success, orig services stored, install gEmuVariableControlProtocolGuid = Success
0:152  0:000  3 drivers needs connecting ...
0:152  0:000  PlatformDriverOverrideProtocol not found. Installing ... Success
0:152  0:000  Partition driver loaded: 
0:152  0:000  HFS+ driver loaded
0:152  0:000  APFS driver loaded
0:152  0:000  Searching for invalid DiskIo BY_DRIVER connects: not found, all ok
0:480  0:327  EmuVariable InstallEmulation: orig vars copied, emu.var.services installed, CreateEvent VirtualAddressChange = Success, CreateEvent ExitBootServices = Success, set Status=Success
0:511  0:030  === [ InitScreen ] ========================================
0:511  0:000  SetMaxResolution: found best mode 4: 1920x1080
0:677  0:166  Video mode change to mode #4: Success
0:677  0:000   - set
0:677  0:000  Console modes reported: 3, available modes:
0:677  0:000   - [01]: 80x25 (current mode)
0:677  0:000   - [02]: 80x50
0:677  0:000   - [03]: 100x31
1:776  1:099  SetScreenResolution: 1920x1080 - already set
1:776  0:000  reinit: self device path=PciRoot(0x0)\Pci(0x1F,0x2)\Sata(0x0,0xFFFF,0x0)\HD(1,GPT,1839510C-15AC-4B84-81B6-2C6993F8CC35,0x28,0x64000)
1:777  0:000  Using embedded font: Success
1:777  0:000  === [ GetMacAddress ] =====================================
1:777  0:000   get legacy LAN MAC, 1 card found
1:777  0:000  Legacy MAC address of LAN #0= 10:BF:48:87:BD:CC:
1:777  0:000  === [ ScanSPD ] ===========================================
1:778  0:000  SMBus device : 8086 1E22 class=0C0500 status=Success
1:778  0:000  SMBus CmdReg: 0x3
1:778  0:000  Scanning SMBus [8086:1E22], mmio: 0xF7215004, ioport: 0xF000, hostc: 0x1
1:778  0:000  Slots to scan [8]...
1:778  0:000  SPD[0]: Type 11 @0x50
1:797  0:018  Not using XMP because it is not present
1:797  0:000  DDR speed 1600MHz
1:797  0:000  Slot: 0 Type 24 4096MB 1600MHz Vendor=Samsung PartNo=M391B5173QH0-YK0 SerialNo=0103010B02030608
1:797  0:000  SPD[1]: Type 11 @0x51
1:816  0:018  Not using XMP because it is not present
1:816  0:000  DDR speed 1600MHz
1:816  0:000  Slot: 1 Type 24 4096MB 1600MHz Vendor=Samsung PartNo=M391B5173QH0-YK0 SerialNo=0103010B02030804
1:816  0:000  SPD[2]: Type 11 @0x52
1:835  0:018  Not using XMP because it is not present
1:835  0:000  DDR speed 1600MHz
1:835  0:000  Slot: 2 Type 24 4096MB 1600MHz Vendor=Samsung PartNo=M391B5173QH0-YK0 SerialNo=0103010B02030607
1:835  0:000  SPD[3]: Type 11 @0x53
1:854  0:018  Not using XMP because it is not present
1:854  0:000  DDR speed 1600MHz
1:854  0:000  Slot: 3 Type 24 4096MB 1600MHz Vendor=Samsung PartNo=M391B5173QH0-YK0 SerialNo=0103010B02030609
1:854  0:000  === [ GetAcpiTablesList ] =================================
1:854  0:000  Get Acpi Tables List from RSDT:
1:854  0:000   - [00]: FACP  A M I len=132
1:854  0:000   - [01]: APIC  A M I len=146
1:854  0:000   - [02]: FPDT  A M I len=68
1:854  0:000   - [03]: MCFG  A M I len=60
1:854  0:000   - [04]: HPET  A M I len=56
1:854  0:000   - [05]: SSDT  SataTabl len=877
1:854  0:000   - [06]: DMAR  SNB  len=128
1:854  0:000   - [07]: SSDT  Cpu0Ist len=1484
1:854  0:000   - [08]: SSDT  CpuPm len=2706
1:854  0:000  Calibrated TSC Frequency = 3410012550 = 3410MHz
1:854  0:000  === [ GetUserSettings ] ===================================
1:854  0:000  USB FixOwnership: yes
1:854  0:000  Dropping 1 tables:
1:854  0:000   - [00]: Drop table  signature="DMAR" (52414D44)
1:854  0:000           - set table: 52414D44,                0 to drop: yes
1:854  0:000   - final DSDT Fix mask=50460054
1:854  0:000  PatchesDSDT: 6 requested
1:854  0:000   - [00]: (GFX0 to IGPU) lenToFind: 4, lenToReplace: 4, Target Bridge: <null string>
1:854  0:000   - [01]: (HDAS to HDEF) lenToFind: 4, lenToReplace: 4, Target Bridge: <null string>
1:854  0:000   - [02]: (HECI to IMEI) lenToFind: 4, lenToReplace: 4, Target Bridge: <null string>
1:854  0:000   - [03]: (SAT0 to SATA) lenToFind: 4, lenToReplace: 4, Target Bridge: <null string>
1:854  0:000   - [04]: (GLAN to GIGE) lenToFind: 4, lenToReplace: 4, Target Bridge: <null string>
1:854  0:000   - [05]: (EC0 to EC) lenToFind: 4, lenToReplace: 4, Target Bridge: <null string>
1:854  0:000    patch disabled at config
1:854  0:000  smartUPS: present
1:854  0:000  Using ProductName from config: MacBookPro10,1
1:854  0:000  Using latest BiosVersion from config
1:854  0:000  BiosVersion: MBP101.88Z.F000.B00.1812191042
1:854  0:000  BiosReleaseDate: 12/19/2018
1:854  0:000  Using FirmwareFeatures from config: 0xE00DE137
1:854  0:000  Using FirmwareFeaturesMask from config: 0xFF1FFF3F
1:854  0:000  Board-ID set from config as Mac-C3EC7CD22292981F
1:854  0:000  BoardType: 0xA
1:854  0:000  ChassisType: 0xA
1:854  0:000  Converted CustomUUID 6064595F-F4C8-43F1-9004-31604C6ED197
1:857  0:002  === [ Found DSDT tables ] =================================
1:931  0:074  === [ ScanVolumes ] =======================================
1:931  0:000  Found 11 volumes with blockIO
1:931  0:000  - [00]: Volume: PciRoot(0x0)\Pci(0x1F,0x2)\Sata(0x0,0xFFFF,0x0)
1:931  0:000  - [01]: Volume: PciRoot(0x0)\Pci(0x1F,0x2)\Sata(0x1,0xFFFF,0x0)
1:932  0:000          Result of bootcode detection: bootable unknown (legacy)
1:932  0:000  - [02]: Volume: PciRoot(0x0)\Pci(0x1F,0x2)\Sata(0x0,0xFFFF,0x0)\HD(1,GPT,1839510C-15AC-4B84-81B6-2C6993F8CC35,0x28,0x64000)
1:932  0:000          Result of bootcode detection: bootable unknown (legacy)
1:938  0:006          This is SelfVolume !!
1:938  0:000  - [03]: Volume: PciRoot(0x0)\Pci(0x1F,0x2)\Sata(0x0,0xFFFF,0x0)\HD(2,GPT,EFDC32B0-2600-4624-AD5E-C8644B86F2C7,0x64800,0x17593000)
1:939  0:000          Result of bootcode detection: bootable unknown (legacy)
1:939  0:000  - [04]: Volume: PciRoot(0x0)\Pci(0x1F,0x2)\Sata(0x0,0xFFFF,0x0)\HD(3,GPT,8411EC2B-45C8-4145-8334-8BD850DB360C,0x175F7800,0x8000)
1:939  0:000  - [05]: Volume: PciRoot(0x0)\Pci(0x1F,0x2)\Sata(0x0,0xFFFF,0x0)\HD(4,GPT,4584693D-DCAD-4906-B712-28BAC70D9F0C,0x175FF800,0x5D107000)
1:940  0:000          Result of bootcode detection: bootable Windows (vista,win)
1:940  0:000          hiding this volume
1:940  0:000  - [06]: Volume: PciRoot(0x0)\Pci(0x1F,0x2)\Sata(0x1,0xFFFF,0x0)\HD(1,MBR,0x24DCB394,0x800,0xE8E07800)
1:941  0:000          Result of bootcode detection: bootable Windows (vista,win)
1:941  0:000          hiding this volume
1:941  0:000  - [07]: Volume: PciRoot(0x0)\Pci(0x1F,0x2)\Sata(0x0,0xFFFF,0x0)\HD(2,GPT,EFDC32B0-2600-4624-AD5E-C8644B86F2C7,0x64800,0x17593000)\VenMedia(BE74FCF7-0B7C-49F3-9147-01F4042E6842,9DB6539A94D6C142A4C0753B55F18A25)
1:941  0:000          hiding this volume
1:941  0:000  - [08]: Volume: PciRoot(0x0)\Pci(0x1F,0x2)\Sata(0x0,0xFFFF,0x0)\HD(2,GPT,EFDC32B0-2600-4624-AD5E-C8644B86F2C7,0x64800,0x17593000)\VenMedia(BE74FCF7-0B7C-49F3-9147-01F4042E6842,C63C4B50CC644032BCAD6F8985579FEE)
1:941  0:000  - [09]: Volume: PciRoot(0x0)\Pci(0x1F,0x2)\Sata(0x0,0xFFFF,0x0)\HD(2,GPT,EFDC32B0-2600-4624-AD5E-C8644B86F2C7,0x64800,0x17593000)\VenMedia(BE74FCF7-0B7C-49F3-9147-01F4042E6842,E0A160192909A149A9B672BF8201D46E)
1:941  0:000          hiding this volume
1:941  0:000  - [10]: Volume: PciRoot(0x0)\Pci(0x1F,0x2)\Sata(0x0,0xFFFF,0x0)\HD(2,GPT,EFDC32B0-2600-4624-AD5E-C8644B86F2C7,0x64800,0x17593000)\VenMedia(BE74FCF7-0B7C-49F3-9147-01F4042E6842,7A9A63B514E71340BE51A9AB2B1A8467)
1:943  0:001  PutNvramPlistToRtVars: nvram.plist not found
1:943  0:000  === [ InitTheme ] =========================================
1:949  0:006  Using theme 'Olarila' (EFI\CLOVER\themes\Olarila)
1:949  0:000  OS main and drive as badge
1:949  0:000  Warning! Character width 11 should be even!
1:951  0:001  Loading font from ThemeDir: Success
1:951  0:000  Chosen theme Olarila
1:951  0:000  after NVRAM boot-args=dart=0 keepsyms=1 debug=0x100 -v -no_compat_check
1:951  0:000  === [ Dump SMC keys from NVRAM ] ==========================
1:951  0:000  found AppleSMC protocol
1:951  0:000  Registered 17 SMC keys
1:951  0:000  === [ AddCustomEntries ] ==================================
1:951  0:000  Custom entry 0 FullTitle:"Testing Windows" Path:"PciRoot(0x0)\Pci(0x1F,0x2)\Sata(0x0,0xFFFF,0x0)\HD(1,GPT,1839510C-15AC-4B84-81B6-2C6993F8CC35,0x28,0x64000) @D1857D18" Options:"-s -h" Type:7 Flags:0x0 matching Volume:"1839510C-15AC-4B84-81B6-2C6993F8CC35"
1:951  0:000      Checking volume "EFI" (PciRoot(0x0)\Pci(0x1F,0x2)\Sata(0x0,0xFFFF,0x0)\HD(1,GPT,1839510C-15AC-4B84-81B6-2C6993F8CC35,0x28,0x64000)) ... skipped because path does not exist
1:951  0:000      Checking volume "Preboot" (PciRoot(0x0)\Pci(0x1F,0x2)\Sata(0x0,0xFFFF,0x0)\HD(2,GPT,EFDC32B0-2600-4624-AD5E-C8644B86F2C7,0x64800,0x17593000)\VenMedia(BE74FCF7-0B7C-49F3-9147-01F4042E6842,9DB6539A94D6C142A4C0753B55F18A25)) ... skipped because volume is hidden
1:951  0:000      Checking volume "Mac" (PciRoot(0x0)\Pci(0x1F,0x2)\Sata(0x0,0xFFFF,0x0)\HD(2,GPT,EFDC32B0-2600-4624-AD5E-C8644B86F2C7,0x64800,0x17593000)\VenMedia(BE74FCF7-0B7C-49F3-9147-01F4042E6842,C63C4B50CC644032BCAD6F8985579FEE)) ... skipped
1:951  0:000      Checking volume "Recovery" (PciRoot(0x0)\Pci(0x1F,0x2)\Sata(0x0,0xFFFF,0x0)\HD(2,GPT,EFDC32B0-2600-4624-AD5E-C8644B86F2C7,0x64800,0x17593000)\VenMedia(BE74FCF7-0B7C-49F3-9147-01F4042E6842,E0A160192909A149A9B672BF8201D46E)) ... skipped because volume is hidden
1:951  0:000      Checking volume "VM" (PciRoot(0x0)\Pci(0x1F,0x2)\Sata(0x0,0xFFFF,0x0)\HD(2,GPT,EFDC32B0-2600-4624-AD5E-C8644B86F2C7,0x64800,0x17593000)\VenMedia(BE74FCF7-0B7C-49F3-9147-01F4042E6842,7A9A63B514E71340BE51A9AB2B1A8467)) ... skipped
1:951  0:000  === [ ScanLoader ] ========================================
1:951  0:000  - [02]: 'EFI'
1:961  0:009          AddLoaderEntry for Volume Name=EFI
2:036  0:075          AddLoaderEntry for Volume Name=EFI
2:036  0:000          skipped because entry is hidden
2:036  0:000  - [07]: 'Preboot', hidden
2:036  0:000  - [08]: 'Mac'
2:117  0:081          AddLoaderEntry for Volume Name=Mac
2:134  0:016      hibernated: set as never
2:197  0:063  - [09]: 'Recovery', hidden
2:197  0:000  - [10]: 'VM'
2:224  0:026  Scanning legacy ...
2:224  0:000   5: 'Legacy HD4' (vista,win) hidden
2:224  0:000   6: 'Legacy HD1' (vista,win) hidden
2:224  0:000  === [ AddCustomTool ] =====================================
2:228  0:004  found tool \EFI\CLOVER\tools\Shell64U.efi
2:228  0:000  Checking EFI partition Volume 2 for Clover
2:228  0:000   Found Clover
2:229  0:000  EmuVariable UninstallEmulation: CloseEvent = Success, original var services restored
2:232  0:002  EmuVariable InstallEmulation: orig vars copied, emu.var.services installed, CreateEvent VirtualAddressChange = Success, CreateEvent ExitBootServices = Success, set Status=Success
2:262  0:030  === [ GetEfiBootDeviceFromNvram ] =========================
2:262  0:000   - efi-boot-device-data: PciRoot(0x0)\Pci(0x1F,0x2)\Sata(0x0,0xFFFF,0x0)\HD(2,GPT,EFDC32B0-2600-4624-AD5E-C8644B86F2C7,0x64800,0x17593000)\VenMedia(BE74FCF7-0B7C-49F3-9147-01F4042E6842,C63C4B50CC644032BCAD6F8985579FEE)
2:262  0:000    - Volume: 'PciRoot(0x0)\Pci(0x1F,0x2)\Sata(0x0,0xFFFF,0x0)\HD(2,GPT,EFDC32B0-2600-4624-AD5E-C8644B86F2C7,0x64800,0x17593000)\VenMedia(BE74FCF7-0B7C-49F3-9147-01F4042E6842,C63C4B50CC644032BCAD6F8985579FEE)'
2:262  0:000    - LoaderPath: '<null string>'
2:262  0:000    - Guid = EFDC32B0-2600-4624-AD5E-C8644B86F2C7
2:262  0:000  === [ FindStartupDiskVolume ] =============================
2:262  0:000    - Volume: partition = PciRoot(0x0)\Pci(0x1F,0x2)\Sata(0x0,0xFFFF,0x0)\HD(2,GPT,EFDC32B0-2600-4624-AD5E-C8644B86F2C7,0x64800,0x17593000)\VenMedia(BE74FCF7-0B7C-49F3-9147-01F4042E6842,C63C4B50CC644032BCAD6F8985579FEE)
2:262  0:000     - searching for that partition
2:262  0:000      - found entry 1. 'Boot macOS from Mac', Volume 'Mac'
2:262  0:000  Boot redirected to Entry 1. 'Boot macOS from Mac'
2:262  0:000  EmuVariable UninstallEmulation: CloseEvent = Success, original var services restored
2:263  0:000  DefaultIndex=1 and MainMenu.EntryCount=8
2:293  0:030  banner file not read
2:616  0:322  GUI ready
6:910  4:294  banner file not read
18:184  11:274  banner file not read
20:768  2:583  ReinitSelfLib after theme change
20:768  0:000  reinit: self device path=PciRoot(0x0)\Pci(0x1F,0x2)\Sata(0x0,0xFFFF,0x0)\HD(1,GPT,1839510C-15AC-4B84-81B6-2C6993F8CC35,0x28,0x64000)
20:768  0:000  === [ ScanVolumes ] =======================================
20:768  0:000  Found 11 volumes with blockIO
20:768  0:000  - [00]: Volume: PciRoot(0x0)\Pci(0x1F,0x2)\Sata(0x0,0xFFFF,0x0)
20:770  0:002  - [01]: Volume: PciRoot(0x0)\Pci(0x1F,0x2)\Sata(0x1,0xFFFF,0x0)
20:771  0:000          Result of bootcode detection: bootable unknown (legacy)
20:771  0:000  - [02]: Volume: PciRoot(0x0)\Pci(0x1F,0x2)\Sata(0x0,0xFFFF,0x0)\HD(1,GPT,1839510C-15AC-4B84-81B6-2C6993F8CC35,0x28,0x64000)
20:771  0:000          Result of bootcode detection: bootable unknown (legacy)
20:771  0:000          This is SelfVolume !!
20:771  0:000  - [03]: Volume: PciRoot(0x0)\Pci(0x1F,0x2)\Sata(0x0,0xFFFF,0x0)\HD(2,GPT,EFDC32B0-2600-4624-AD5E-C8644B86F2C7,0x64800,0x17593000)
20:772  0:000          Result of bootcode detection: bootable unknown (legacy)
20:772  0:000  - [04]: Volume: PciRoot(0x0)\Pci(0x1F,0x2)\Sata(0x0,0xFFFF,0x0)\HD(3,GPT,8411EC2B-45C8-4145-8334-8BD850DB360C,0x175F7800,0x8000)
20:773  0:000  - [05]: Volume: PciRoot(0x0)\Pci(0x1F,0x2)\Sata(0x0,0xFFFF,0x0)\HD(4,GPT,4584693D-DCAD-4906-B712-28BAC70D9F0C,0x175FF800,0x5D107000)
20:773  0:000          Result of bootcode detection: bootable Windows (vista,win)
20:773  0:000  - [06]: Volume: PciRoot(0x0)\Pci(0x1F,0x2)\Sata(0x1,0xFFFF,0x0)\HD(1,MBR,0x24DCB394,0x800,0xE8E07800)
20:774  0:000          Result of bootcode detection: bootable Windows (vista,win)
20:774  0:000  - [07]: Volume: PciRoot(0x0)\Pci(0x1F,0x2)\Sata(0x0,0xFFFF,0x0)\HD(2,GPT,EFDC32B0-2600-4624-AD5E-C8644B86F2C7,0x64800,0x17593000)\VenMedia(BE74FCF7-0B7C-49F3-9147-01F4042E6842,9DB6539A94D6C142A4C0753B55F18A25)
20:774  0:000  - [08]: Volume: PciRoot(0x0)\Pci(0x1F,0x2)\Sata(0x0,0xFFFF,0x0)\HD(2,GPT,EFDC32B0-2600-4624-AD5E-C8644B86F2C7,0x64800,0x17593000)\VenMedia(BE74FCF7-0B7C-49F3-9147-01F4042E6842,C63C4B50CC644032BCAD6F8985579FEE)
20:774  0:000  - [09]: Volume: PciRoot(0x0)\Pci(0x1F,0x2)\Sata(0x0,0xFFFF,0x0)\HD(2,GPT,EFDC32B0-2600-4624-AD5E-C8644B86F2C7,0x64800,0x17593000)\VenMedia(BE74FCF7-0B7C-49F3-9147-01F4042E6842,E0A160192909A149A9B672BF8201D46E)
20:774  0:000  - [10]: Volume: PciRoot(0x0)\Pci(0x1F,0x2)\Sata(0x0,0xFFFF,0x0)\HD(2,GPT,EFDC32B0-2600-4624-AD5E-C8644B86F2C7,0x64800,0x17593000)\VenMedia(BE74FCF7-0B7C-49F3-9147-01F4042E6842,7A9A63B514E71340BE51A9AB2B1A8467)
20:774  0:000  Chosen theme Olarila
20:774  0:000  after NVRAM boot-args=dart=0 keepsyms=1 debug=0x100 -v -no_compat_check
20:774  0:000  === [ AddCustomEntries ] ==================================
20:774  0:000  Custom entry 0 FullTitle:"Testing Windows" Path:"PciRoot(0x0)\Pci(0x1F,0x2)\Sata(0x0,0xFFFF,0x0)\HD(1,GPT,1839510C-15AC-4B84-81B6-2C6993F8CC35,0x28,0x64000) @D1857D18" Options:"-s -h" Type:7 Flags:0x0 matching Volume:"1839510C-15AC-4B84-81B6-2C6993F8CC35"
20:774  0:000      Checking volume "EFI" (PciRoot(0x0)\Pci(0x1F,0x2)\Sata(0x0,0xFFFF,0x0)\HD(1,GPT,1839510C-15AC-4B84-81B6-2C6993F8CC35,0x28,0x64000)) ... skipped because path does not exist
20:775  0:001      Checking volume "Preboot" (PciRoot(0x0)\Pci(0x1F,0x2)\Sata(0x0,0xFFFF,0x0)\HD(2,GPT,EFDC32B0-2600-4624-AD5E-C8644B86F2C7,0x64800,0x17593000)\VenMedia(BE74FCF7-0B7C-49F3-9147-01F4042E6842,9DB6539A94D6C142A4C0753B55F18A25)) ... skipped
20:775  0:000      Checking volume "Mac" (PciRoot(0x0)\Pci(0x1F,0x2)\Sata(0x0,0xFFFF,0x0)\HD(2,GPT,EFDC32B0-2600-4624-AD5E-C8644B86F2C7,0x64800,0x17593000)\VenMedia(BE74FCF7-0B7C-49F3-9147-01F4042E6842,C63C4B50CC644032BCAD6F8985579FEE)) ... skipped
20:775  0:000      Checking volume "Recovery" (PciRoot(0x0)\Pci(0x1F,0x2)\Sata(0x0,0xFFFF,0x0)\HD(2,GPT,EFDC32B0-2600-4624-AD5E-C8644B86F2C7,0x64800,0x17593000)\VenMedia(BE74FCF7-0B7C-49F3-9147-01F4042E6842,E0A160192909A149A9B672BF8201D46E)) ... skipped
20:775  0:000      Checking volume "VM" (PciRoot(0x0)\Pci(0x1F,0x2)\Sata(0x0,0xFFFF,0x0)\HD(2,GPT,EFDC32B0-2600-4624-AD5E-C8644B86F2C7,0x64800,0x17593000)\VenMedia(BE74FCF7-0B7C-49F3-9147-01F4042E6842,7A9A63B514E71340BE51A9AB2B1A8467)) ... skipped
20:775  0:000  === [ ScanLoader ] ========================================
20:775  0:000  - [02]: 'EFI'
20:785  0:009          AddLoaderEntry for Volume Name=EFI
20:859  0:073          AddLoaderEntry for Volume Name=EFI
20:861  0:002  - [07]: 'Preboot'
20:876  0:014          AddLoaderEntry for Volume Name=Preboot
20:888  0:012      hibernated: set as never
20:898  0:009          AddLoaderEntry for Volume Name=Preboot
20:974  0:076  - [08]: 'Mac'
21:061  0:087          AddLoaderEntry for Volume Name=Mac
21:079  0:018      hibernated: set as never
21:162  0:082  - [09]: 'Recovery'
21:174  0:012          AddLoaderEntry for Volume Name=Recovery
21:239  0:064  - [10]: 'VM'
21:265  0:026  Scanning legacy ...
21:265  0:000   5: 'Legacy HD4' (vista,win) add legacy
21:266  0:001   added 'Boot Windows from Legacy HD4' OSType=2 Icon=vista,win
21:266  0:000   6: 'Legacy HD1' (vista,win) add legacy
21:267  0:001   added 'Boot Windows from Legacy HD1' OSType=2 Icon=vista,win
21:267  0:000  === [ AddCustomTool ] =====================================
21:268  0:001  found tool \EFI\CLOVER\tools\Shell64U.efi
21:268  0:000  Checking EFI partition Volume 2 for Clover
21:268  0:000   Found Clover
21:268  0:000  EmuVariable UninstallEmulation: CloseEvent = Invalid Parameter, original var services restored
21:268  0:000  EmuVariable InstallEmulation: orig vars copied, emu.var.services installed, CreateEvent VirtualAddressChange = Success, CreateEvent ExitBootServices = Success, set Status=Success
21:299  0:031  === [ GetEfiBootDeviceFromNvram ] =========================
21:299  0:000  === [ FindStartupDiskVolume ] =============================
21:300  0:000    - Volume: partition = PciRoot(0x0)\Pci(0x1F,0x2)\Sata(0x0,0xFFFF,0x0)\HD(2,GPT,EFDC32B0-2600-4624-AD5E-C8644B86F2C7,0x64800,0x17593000)\VenMedia(BE74FCF7-0B7C-49F3-9147-01F4042E6842,C63C4B50CC644032BCAD6F8985579FEE)
21:300  0:000     - searching for that partition
21:300  0:000      - found entry 4. 'Boot macOS from Mac', Volume 'Mac'
21:300  0:000  Boot redirected to Entry 4. 'Boot macOS from Mac'
21:300  0:000  EmuVariable UninstallEmulation: CloseEvent = Success, original var services restored
21:300  0:000  DefaultIndex=4 and MainMenu.EntryCount=14
21:304  0:004  banner file not read
34:320  13:016  ReinitSelfLib after theme change
34:320  0:000  reinit: self device path=PciRoot(0x0)\Pci(0x1F,0x2)\Sata(0x0,0xFFFF,0x0)\HD(1,GPT,1839510C-15AC-4B84-81B6-2C6993F8CC35,0x28,0x64000)
34:320  0:000  === [ ScanVolumes ] =======================================
34:320  0:000  Found 11 volumes with blockIO
34:320  0:000  - [00]: Volume: PciRoot(0x0)\Pci(0x1F,0x2)\Sata(0x0,0xFFFF,0x0)
34:322  0:002  - [01]: Volume: PciRoot(0x0)\Pci(0x1F,0x2)\Sata(0x1,0xFFFF,0x0)
34:323  0:000          Result of bootcode detection: bootable unknown (legacy)
34:323  0:000  - [02]: Volume: PciRoot(0x0)\Pci(0x1F,0x2)\Sata(0x0,0xFFFF,0x0)\HD(1,GPT,1839510C-15AC-4B84-81B6-2C6993F8CC35,0x28,0x64000)
34:323  0:000          Result of bootcode detection: bootable unknown (legacy)
34:323  0:000          This is SelfVolume !!
34:323  0:000  - [03]: Volume: PciRoot(0x0)\Pci(0x1F,0x2)\Sata(0x0,0xFFFF,0x0)\HD(2,GPT,EFDC32B0-2600-4624-AD5E-C8644B86F2C7,0x64800,0x17593000)
34:324  0:000          Result of bootcode detection: bootable unknown (legacy)
34:324  0:000  - [04]: Volume: PciRoot(0x0)\Pci(0x1F,0x2)\Sata(0x0,0xFFFF,0x0)\HD(3,GPT,8411EC2B-45C8-4145-8334-8BD850DB360C,0x175F7800,0x8000)
34:324  0:000  - [05]: Volume: PciRoot(0x0)\Pci(0x1F,0x2)\Sata(0x0,0xFFFF,0x0)\HD(4,GPT,4584693D-DCAD-4906-B712-28BAC70D9F0C,0x175FF800,0x5D107000)
34:325  0:000          Result of bootcode detection: bootable Windows (vista,win)
34:325  0:000          hiding this volume
34:325  0:000  - [06]: Volume: PciRoot(0x0)\Pci(0x1F,0x2)\Sata(0x1,0xFFFF,0x0)\HD(1,MBR,0x24DCB394,0x800,0xE8E07800)
34:326  0:000          Result of bootcode detection: bootable Windows (vista,win)
34:326  0:000          hiding this volume
34:326  0:000  - [07]: Volume: PciRoot(0x0)\Pci(0x1F,0x2)\Sata(0x0,0xFFFF,0x0)\HD(2,GPT,EFDC32B0-2600-4624-AD5E-C8644B86F2C7,0x64800,0x17593000)\VenMedia(BE74FCF7-0B7C-49F3-9147-01F4042E6842,9DB6539A94D6C142A4C0753B55F18A25)
34:326  0:000          hiding this volume
34:326  0:000  - [08]: Volume: PciRoot(0x0)\Pci(0x1F,0x2)\Sata(0x0,0xFFFF,0x0)\HD(2,GPT,EFDC32B0-2600-4624-AD5E-C8644B86F2C7,0x64800,0x17593000)\VenMedia(BE74FCF7-0B7C-49F3-9147-01F4042E6842,C63C4B50CC644032BCAD6F8985579FEE)
34:326  0:000  - [09]: Volume: PciRoot(0x0)\Pci(0x1F,0x2)\Sata(0x0,0xFFFF,0x0)\HD(2,GPT,EFDC32B0-2600-4624-AD5E-C8644B86F2C7,0x64800,0x17593000)\VenMedia(BE74FCF7-0B7C-49F3-9147-01F4042E6842,E0A160192909A149A9B672BF8201D46E)
34:326  0:000          hiding this volume
34:326  0:000  - [10]: Volume: PciRoot(0x0)\Pci(0x1F,0x2)\Sata(0x0,0xFFFF,0x0)\HD(2,GPT,EFDC32B0-2600-4624-AD5E-C8644B86F2C7,0x64800,0x17593000)\VenMedia(BE74FCF7-0B7C-49F3-9147-01F4042E6842,7A9A63B514E71340BE51A9AB2B1A8467)
34:326  0:000  Chosen theme Olarila
34:326  0:000  after NVRAM boot-args=dart=0 keepsyms=1 debug=0x100 -v -no_compat_check
34:326  0:000  === [ AddCustomEntries ] ==================================
34:326  0:000  Custom entry 0 FullTitle:"Testing Windows" Path:"PciRoot(0x0)\Pci(0x1F,0x2)\Sata(0x0,0xFFFF,0x0)\HD(1,GPT,1839510C-15AC-4B84-81B6-2C6993F8CC35,0x28,0x64000) @D1857D18" Options:"-s -h" Type:7 Flags:0x0 matching Volume:"1839510C-15AC-4B84-81B6-2C6993F8CC35"
34:326  0:000      Checking volume "EFI" (PciRoot(0x0)\Pci(0x1F,0x2)\Sata(0x0,0xFFFF,0x0)\HD(1,GPT,1839510C-15AC-4B84-81B6-2C6993F8CC35,0x28,0x64000)) ... skipped because path does not exist
34:327  0:000      Checking volume "Preboot" (PciRoot(0x0)\Pci(0x1F,0x2)\Sata(0x0,0xFFFF,0x0)\HD(2,GPT,EFDC32B0-2600-4624-AD5E-C8644B86F2C7,0x64800,0x17593000)\VenMedia(BE74FCF7-0B7C-49F3-9147-01F4042E6842,9DB6539A94D6C142A4C0753B55F18A25)) ... skipped because volume is hidden
34:327  0:000      Checking volume "Mac" (PciRoot(0x0)\Pci(0x1F,0x2)\Sata(0x0,0xFFFF,0x0)\HD(2,GPT,EFDC32B0-2600-4624-AD5E-C8644B86F2C7,0x64800,0x17593000)\VenMedia(BE74FCF7-0B7C-49F3-9147-01F4042E6842,C63C4B50CC644032BCAD6F8985579FEE)) ... skipped
34:327  0:000      Checking volume "Recovery" (PciRoot(0x0)\Pci(0x1F,0x2)\Sata(0x0,0xFFFF,0x0)\HD(2,GPT,EFDC32B0-2600-4624-AD5E-C8644B86F2C7,0x64800,0x17593000)\VenMedia(BE74FCF7-0B7C-49F3-9147-01F4042E6842,E0A160192909A149A9B672BF8201D46E)) ... skipped because volume is hidden
34:327  0:000      Checking volume "VM" (PciRoot(0x0)\Pci(0x1F,0x2)\Sata(0x0,0xFFFF,0x0)\HD(2,GPT,EFDC32B0-2600-4624-AD5E-C8644B86F2C7,0x64800,0x17593000)\VenMedia(BE74FCF7-0B7C-49F3-9147-01F4042E6842,7A9A63B514E71340BE51A9AB2B1A8467)) ... skipped
34:327  0:000  === [ ScanLoader ] ========================================
34:327  0:000  - [02]: 'EFI'
34:332  0:005          AddLoaderEntry for Volume Name=EFI
34:400  0:067          AddLoaderEntry for Volume Name=EFI
34:400  0:000          skipped because entry is hidden
34:400  0:000  - [07]: 'Preboot', hidden
34:400  0:000  - [08]: 'Mac'
34:489  0:089          AddLoaderEntry for Volume Name=Mac
34:510  0:020      hibernated: set as never
34:594  0:084  - [09]: 'Recovery', hidden
34:594  0:000  - [10]: 'VM'
34:621  0:026  Scanning legacy ...
34:621  0:000   5: 'Legacy HD4' (vista,win) hidden
34:621  0:000   6: 'Legacy HD1' (vista,win) hidden
34:621  0:000  === [ AddCustomTool ] =====================================
34:622  0:001  found tool \EFI\CLOVER\tools\Shell64U.efi
34:622  0:000  Checking EFI partition Volume 2 for Clover
34:622  0:000   Found Clover
34:622  0:000  EmuVariable UninstallEmulation: CloseEvent = Invalid Parameter, original var services restored
34:622  0:000  EmuVariable InstallEmulation: orig vars copied, emu.var.services installed, CreateEvent VirtualAddressChange = Success, CreateEvent ExitBootServices = Success, set Status=Success
34:653  0:031  === [ GetEfiBootDeviceFromNvram ] =========================
34:653  0:000  === [ FindStartupDiskVolume ] =============================
34:653  0:000    - Volume: partition = PciRoot(0x0)\Pci(0x1F,0x2)\Sata(0x0,0xFFFF,0x0)\HD(2,GPT,EFDC32B0-2600-4624-AD5E-C8644B86F2C7,0x64800,0x17593000)\VenMedia(BE74FCF7-0B7C-49F3-9147-01F4042E6842,C63C4B50CC644032BCAD6F8985579FEE)
34:653  0:000     - searching for that partition
34:653  0:000      - found entry 1. 'Boot macOS from Mac', Volume 'Mac'
34:653  0:000  Boot redirected to Entry 1. 'Boot macOS from Mac'
34:653  0:000  EmuVariable UninstallEmulation: CloseEvent = Success, original var services restored
34:653  0:000  DefaultIndex=1 and MainMenu.EntryCount=8
34:656  0:003  banner file not read
36:976  2:319  banner file not read
37:976  1:000  banner file not read
38:496  0:519  banner file not read
50:136  11:639  banner file not read
51:824  1:687  banner file not read
73:696  21:871  banner file not read
75:112  1:415  banner file not read
76:584  1:472  banner file not read
78:568  1:983  banner file not read
103:888  25:319  banner file not read
105:344  1:455  banner file not read
117:656  12:312  banner file not read
118:928  1:271  banner file not read
130:367  11:439  banner file not read
137:976  7:608  banner file not read
140:629  2:653  banner file not read
146:071  5:442  banner file not read
162:040  15:969  banner file not read
162:991  0:950  banner file not read
164:383  1:392  banner file not read
168:167  3:784  BootVariable of the entry is empty
168:167  0:000  === [ StartLoader ] =======================================
168:167  0:000  Finally: ExternalClock=26MHz BusSpeed=100295kHz CPUFreq=3410MHz PIS: hw.busfrequency=104000000Hz
168:167  0:000  Loading boot.efi  status=Success
168:223  0:055  GetOSVersion: 10.13.6 (17G2208)
168:223  0:000  CSR_CFG: CSR_ALLOW_UNTRUSTED_KEXTS | CSR_ALLOW_UNRESTRICTED_FS | CSR_ALLOW_TASK_FOR_PID | CSR_ALLOW_UNRESTRICTED_DTRACE | CSR_ALLOW_UNRESTRICTED_NVRAM
168:223  0:000  Filtering KextPatches:
168:223  0:000   - [00]: com.apple.driver.AppleAHCIPort (External icons patch) :: BinPatch :: [OS: 10.13.6 | MatchOS: 10.11.x,10.12.x,10.13.x,10.14.x | MatchBuild: All] ==> allowed
168:223  0:000   - [01]: com.apple.driver.AppleMikeyDriver (Patch Assertions) :: BinPatch :: [OS: 10.13.6 | MatchOS: 10.11.x,10.12.x,10.13.x,10.14.x | MatchBuild: All] ==> allowed
168:223  0:000   - [02]: com.apple.driver.usb.AppleUSBXHCIPCI (Change 15 port limit) :: BinPatch :: [OS: 10.13.6 | MatchOS: 10.12.x | MatchBuild: All] ==> not allowed
168:223  0:000   - [03]: com.apple.driver.usb.AppleUSBXHCIPCI (Change 15 port limit) :: BinPatch :: [OS: 10.13.6 | MatchOS: 10.11.x | MatchBuild: All] ==> not allowed
168:223  0:000   - [04]: com.apple.driver.AppleGraphicsDevicePolicy (Prevent AGDP from loading) :: BinPatch :: [OS: 10.13.6 | MatchOS: 10.11.x,10.12.x,10.13.x,10.14.x | MatchBuild: All] ==> allowed
168:223  0:000   - [05]: com.apple.driver.usb.AppleUSBXHCI (USB 10.13.6 by PMHeart) :: BinPatch :: [OS: 10.13.6 | MatchOS: 10.13.6 | MatchBuild: All] ==> allowed
168:224  0:000  Will not patch boot.efi
168:224  0:000  EmuVariable InstallEmulation: orig vars copied, emu.var.services installed, CreateEvent VirtualAddressChange = Success, CreateEvent ExitBootServices = Success, set Status=Success
168:256  0:032  === [ PatchSmbios ] =======================================
168:256  0:000  insert table 9 for dev 0:0
168:256  0:000  insert table 9 for dev 0:1
168:256  0:000  insert table 9 for dev 0:0
168:256  0:000  insert table 9 for dev 0:0
168:257  0:000  Trusting SMBIOS...
168:257  0:000  Channels: 2
168:257  0:000  Interleave: 0 2 1 3 4 6 5 7 8 10 9 11 12 14 13 15 16 18 17 19 20 22 21 23
168:257  0:000   partNum=M391B5173QH0-YK0  
168:257  0:000  SMBIOS Type 17 Index = 0 => 0 0:
168:257  0:000  BANK 0 DIMM0 1600MHz 4096MB
168:257  0:000   partNum=M391B5173QH0-YK0  
168:257  0:000  SMBIOS Type 17 Index = 1 => 2 2:
168:257  0:000  BANK 1 DIMM0 1600MHz 4096MB
168:257  0:000   partNum=M391B5173QH0-YK0  
168:257  0:000  SMBIOS Type 17 Index = 2 => 1 1:
168:257  0:000  BANK 0 DIMM1 1600MHz 4096MB
168:257  0:000   partNum=M391B5173QH0-YK0  
168:257  0:000  SMBIOS Type 17 Index = 3 => 3 3:
168:257  0:000  BANK 1 DIMM1 1600MHz 4096MB
168:257  0:000  mTotalSystemMemory = 16384
168:257  0:000  NumberOfMemoryDevices = 4
168:257  0:000  Type20[0]->End = 0x3FFFFF, Type17[0] = 0x1000
168:257  0:000  Type20[1]->End = 0xBFFFFF, Type17[2] = 0x4000
168:257  0:000  Type20[2]->End = 0x7FFFFF, Type17[1] = 0x6000
168:257  0:000  Type20[3]->End = 0xFFFFFF, Type17[3] = 0xA000
168:257  0:000  === [ PatchACPI ] =========================================
168:257  0:000  Xsdt reallocation done
168:257  0:000  old FADT length=10C
168:257  0:000   SignatureFixup: 0xB9B01901 -> 0x0
168:257  0:000  Found OperationRegion(GNVS, SystemMemory, DD893E18, ...)
168:257  0:000  Found OperationRegion(MCHT, SystemMemory, FED10000, ...)
168:257  0:000  Found OperationRegion(RCRB, SystemMemory, FED1C000, ...)
168:257  0:000  Found OperationRegion(CPSB, SystemMemory, DD75EE18, ...)
168:257  0:000  Found OperationRegion(RAMW, SystemMemory, DD882018, ...)
168:259  0:002  Apply DsdtFixMask=0x50460054
168:259  0:000     drop _DSM mask=0x0000
168:259  0:000  === [ FixBiosDsdt ] =======================================
168:259  0:000  VideoCard devID=0x1B8010DE
168:259  0:000  DisplayADR1[0] = 0x10000, DisplayADR2[0] = 0x0
168:259  0:000  USBADR[0] = 0x140000 and PCIe = 0xFFFE
168:259  0:000  USBADR[1] = 0x1A0000 and PCIe = 0xFFFE
168:532  0:272  Audio HDA (addr:0x1B0000) setting specified layout-id=1 (0x1)
168:532  0:000  USBADR[2] = 0x1D0000 and PCIe = 0xFFFE
168:532  0:000  Patching DSDT:
168:532  0:000   - [GFX0 to IGPU]: pattern 47465830, patched at: [ (5DD7) (13C3) (12) (653) (19) (F) (9B0) (20) (20) (20) (20) (20) (20) (20) (91D) (14) (207F) ]
168:532  0:000   - [HDAS to HDEF]: pattern 48444153, bin not found / already patched!
168:532  0:000   - [HECI to IMEI]: pattern 48454349, bin not found / already patched!
168:532  0:000   - [SAT0 to SATA]: pattern 53415430, patched at: [ (5263) ]
168:532  0:000   - [GLAN to GIGE]: pattern 474C414E, patched at: [ (430B) (4204) ]
168:532  0:000   - [EC0 to EC]: disabled
168:532  0:000    0 replacements
168:532  0:000  first CPU found at 7492 offset 7495
168:532  0:000  score candidate at 748E
168:532  0:000  score inserted in acpi_cpu_score _PR_
168:532  0:000  Found ACPI CPU: CPU0 | CPU1 | CPU2 | CPU3 | CPU4 | CPU5 | CPU6 | CPU7 , within the score: _PR_
168:532  0:000  Start RTC Fix
168:532  0:000  found RTC Length not match, Maybe will cause CMOS reset will patch it.
168:532  0:000  found RTC had IRQNoFlag will move -3 bytes
168:532  0:000  ...len=AF38
168:532  0:000  new size written to 24A9 shift=0 len=AF38
168:532  0:000  len after correct outers AF38
168:532  0:000  Start TMR Fix
168:532  0:000  Start PIC Fix
168:532  0:000  PIC size=A5 at 234D
168:532  0:000  found CRS at 2361 size 8D
168:532  0:000  found PIC had IRQNoFlag will move -3 bytes
168:532  0:000  Fix Device PIC size -3
168:532  0:000  Start HPET Fix
168:533  0:000   deleting device CRT_
168:533  0:000   deleting device DVI_
168:533  0:000   deleting device SPKR
168:533  0:000   deleting device ECP_
168:533  0:000   deleting device LPT_
168:533  0:000   deleting device FDC0
168:534  0:000   deleting device ECP1
168:534  0:000   deleting device LPT1
168:534  0:000    indirect name=SRCB
168:534  0:000    indirect name=RAMB
168:534  0:000  Start Mutex Fix
168:534  0:000  Start SHUTDOWN Fix len=AEC0
168:534  0:000  PreCleanup XSDT: count=9, length=108
168:534  0:000  PreCleanup XSDT, corrected XSDT: count=9, length=108
168:534  0:000  === [ ACPIDropTables ] ====================================
168:534  0:000  Drop tables from XSDT, SIGN=DMAR TableID=SNB  Length=128
168:534  0:000   Table[6]: DMAR  SNB   128 dropped
168:534  0:000  0. [GFX0 to IGPU]: pattern 47465830, bin not found / already patched!
168:534  0:000  1. [HDAS to HDEF]: pattern 48444153, bin not found / already patched!
168:534  0:000  2. [HECI to IMEI]: pattern 48454349, bin not found / already patched!
168:534  0:000  3. [SAT0 to SATA]: pattern 53415430, patched at: [ (B5) ]
168:534  0:000  4. [GLAN to GIGE]: pattern 474C414E, bin not found / already patched!
168:534  0:000  5. [EC0 to EC]: disabled
168:534  0:000    0 replacements
168:534  0:000  0. [GFX0 to IGPU]: pattern 47465830, bin not found / already patched!
168:534  0:000  1. [HDAS to HDEF]: pattern 48444153, bin not found / already patched!
168:534  0:000  2. [HECI to IMEI]: pattern 48454349, bin not found / already patched!
168:534  0:000  3. [SAT0 to SATA]: pattern 53415430, bin not found / already patched!
168:534  0:000  4. [GLAN to GIGE]: pattern 474C414E, bin not found / already patched!
168:534  0:000  5. [EC0 to EC]: disabled
168:534  0:000    0 replacements
168:534  0:000  0. [GFX0 to IGPU]: pattern 47465830, bin not found / already patched!
168:534  0:000  1. [HDAS to HDEF]: pattern 48444153, bin not found / already patched!
168:534  0:000  2. [HECI to IMEI]: pattern 48454349, bin not found / already patched!
168:534  0:000  3. [SAT0 to SATA]: pattern 53415430, bin not found / already patched!
168:534  0:000  4. [GLAN to GIGE]: pattern 474C414E, bin not found / already patched!
168:534  0:000  5. [EC0 to EC]: disabled
168:534  0:000    0 replacements
168:534  0:000  Found OperationRegion(PPMT, SystemMemory, DD895F18, ...)
168:534  0:000  CPUBase=0 and ApicCPUBase=1 ApicCPUNum=8
168:534  0:000  Maximum control=0x22
168:534  0:000  Turbo control=0x27
168:534  0:000  P-States: min 0x7, max 0x27
168:534  0:000  SSDT with plugin-type without P-States is generated
168:534  0:000  Cleanup XSDT: count=10, length=116
168:534  0:000  corrected XSDT count=9, length=108
168:534  0:000  === [ RestSetup macOS ] ===================================
168:534  0:000  EdidDiscovered size=128
168:534  0:000  --- Discovered EDID Table size:128
168:534  0:000  000  |  00  FF  FF  FF  FF  FF  FF  00  10  AC
168:534  0:000  010  |  61  40  4C  4E  42  42  2D  14  01  03
168:534  0:000  020  |  80  30  1B  78  EA  95  35  A1  59  57
168:534  0:000  030  |  9F  27  0E  50  54  A5  4B  00  71  4F
168:534  0:000  040  |  81  80  D1  C0  01  01  01  01  01  01
168:534  0:000  050  |  01  01  01  01  02  3A  80  18  71  38
168:534  0:000  060  |  2D  40  58  2C  45  00  DD  0C  11  00
168:534  0:000  070  |  00  1E  00  00  00  FF  00  43  33  4B
168:534  0:000  080  |  37  56  30  42  42  42  42  4E  4C  0A
168:534  0:000  090  |  00  00  00  FC  00  44  45  4C  4C  20
168:534  0:000  100  |  50  32  32  31  31  48  0A  20  00  00
168:534  0:000  110  |  00  FD  00  38  4C  1E  53  11  00  0A
168:534  0:000  120  |  20  20  20  20  20  20  00  B4
168:534  0:000  NVidia GFX injection not set
168:534  0:000   setting specified layout-id=1 (0x1)
168:535  0:000  stringlength = 2362
168:535  0:000  CurrentMode: Width=1920 Height=1080
168:535  0:000  Beginning FSInjection
FSInjectionInstall ...
- Our FSI_SIMPLE_FILE_SYSTEM_PROTOCOL installed on handle: D11C4418
FSInjectionInstall ...
- Our FSI_SIMPLE_FILE_SYSTEM_PROTOCOL installed on handle: D11C4418
168:536  0:000  Use origin smbios table type 1 guid.
168:538  0:002  Preparing kexts injection for arch=x86_64 from EFI\CLOVER\kexts\Other
168:538  0:000  Extra kext: EFI\CLOVER\kexts\Other\VoodooTSCSync.kext (v.1.5.0)
168:547  0:008  Extra kext: EFI\CLOVER\kexts\Other\XHCI-unsupported.kext (v.0.9.2)
168:549  0:001  Extra kext: EFI\CLOVER\kexts\Other\EFICheckDisabler.kext (v.0.5)
168:550  0:001  Extra kext: EFI\CLOVER\kexts\Other\VirtualSMC.kext (v.1.0.2)
168:557  0:006    |-- PlugIn kext: EFI\CLOVER\kexts\Other\VirtualSMC.kext\Contents\PlugIns\SMCLightSensor.kext (v.1)
168:562  0:005    |-- PlugIn kext: EFI\CLOVER\kexts\Other\VirtualSMC.kext\Contents\PlugIns\SMCProcessor.kext (v.1.0.2)
168:566  0:004    |-- PlugIn kext: EFI\CLOVER\kexts\Other\VirtualSMC.kext\Contents\PlugIns\SMCSuperIO.kext (v.1.0.2)
168:570  0:003  Extra kext: EFI\CLOVER\kexts\Other\USBInjectAll.kext (v.0.7.1)
168:595  0:025  Extra kext: EFI\CLOVER\kexts\Other\RealtekRTL8111.kext (v.2.2.2)
168:603  0:007  Extra kext: EFI\CLOVER\kexts\Other\WhateverGreen.kext (v.1.2.9)
168:613  0:010  Extra kext: EFI\CLOVER\kexts\Other\IntelMausiEthernet.kext (v.2.4.1d1)
168:618  0:004  Extra kext: EFI\CLOVER\kexts\Other\AtherosE2200Ethernet.kext (v.2.2.2)
168:622  0:004  Extra kext: EFI\CLOVER\kexts\Other\AppleALC.kext (v.1.3.4)
168:677  0:054  Extra kext: EFI\CLOVER\kexts\Other\NoVPAJpeg.kext (v.1.2.8)
168:680  0:003  Extra kext: EFI\CLOVER\kexts\Other\Lilu.kext (v.1.3.6)
168:687  0:006  SetStartupDiskVolume:
168:687  0:000    * Volume: 'Mac'
168:687  0:000    * LoaderPath: '<null string>'
168:687  0:000    * DevPath: Mac
168:687  0:000    * GUID = EFDC32B0-2600-4624-AD5E-C8644B86F2C7
168:687  0:000    * efi-boot-device: <array><dict><key>IOMatch</key><dict><key>IOProviderClass</key><string>IOMedia</string><key>IOPropertyMatch</key><dict><key>UUID</key><string>EFDC32B0-2600-4624-AD5E-C8644B86F2C7</string></dict></dict></dict></array>
168:687  0:000  Custom boot screen not used because entry has unset use graphics
168:687  0:000  Closing log
